  ___                   __  __  ___  _     _____   _  _
 / _ \ _ __   ___ _ __ |  \/  |/ _ \| |   | ____| | || |
| | | | '_ \ / _ \ '_ \| |\/| | | | | |   |  _|   | || |_
| |_| | |_) |  __/ | | | |  | | |_| | |___| |___  |__   _|
 \___/| .__/ \___|_| |_|_|  |_|\___/|_____|_____|    |_|
      |_|
Loading model.oml...
beta: org.openmole.core.workflow.data.Prototype[Double] = beta: Double
lambda: org.openmole.core.workflow.data.Prototype[Double] = lambda: Double
replication: org.openmole.core.workflow.data.Prototype[Int] = replication: Int
warning: there were 5 feature warnings; re-run with -feature for details
exploration: org.openmole.core.workflow.builder.TaskBuilder{def toTask: org.openmole.core.workflow.task.ExplorationTask with this.Built} = org.openmole.core.workflow.task.ExplorationTask$$anon$2@507fecf3
length: org.openmole.core.workflow.data.Prototype[Double] = length: Double
diameter: org.openmole.core.workflow.data.Prototype[Double] = diameter: Double
cmds: List[String] = List(setup-experiment ${lambda} ${beta}, go-experiment)
<console>:139: error: not enough arguments for method +=: (p: org.openmole.core.workflow.data.Prototype[java.io.File], name: String, link: Boolean, inWorkDir: Boolean)org.openmole.plugin.task.external.ExternalTaskBuilder => org.openmole.plugin.task.external.ExternalTaskBuilder.
Unspecified value parameter name.
         inputFiles += "setup-aux.nls"
                    ^
h: org.openmole.core.workflow.mole.HookBuilder = org.openmole.plugin.hook.display.ToStringHook$$anon$2@60eacbbf
startTime: Long = 1426763279641
env: org.openmole.core.workflow.execution.local.LocalEnvironment = org.openmole.core.workflow.execution.local.LocalEnvironment@4ef6177c
java.lang.IllegalArgumentException: Bad level "DEBUG"
  at java.util.logging.Level.parse(Level.java:482)
  at org.openmole.misc.logging.LoggerService$.level(LoggerService.scala:34)
  ... 53 elided
<console>:139: error: not found: value model
       val exec = exploration -< (model on env hook h) start
                                  ^
<console>:134: error: not found: value exec
              exec.waitUntilEnded
              ^
2.588
